<?xml version="1.0" encoding="UTF-8"?>
<!-- Generated by org.testng.reporters.JUnitReportReporter -->
<testsuite hostname="PANINI18" failures="0" tests="1" name="correcthealth.correcthealth.Claimbills" time="30.834" errors="0" timestamp="2024-12-09T16:37:38 IST" skipped="0">
  <testcase classname="correcthealth.correcthealth.Claimbills" name="f" time="30.834"/>
</testsuite> <!-- correcthealth.correcthealth.Claimbills -->
