<?xml version="1.0" encoding="UTF-8"?>
<!-- Generated by org.testng.reporters.JUnitReportReporter -->
<testsuite hostname="PANINI18" failures="0" tests="1" name="correcthealth.correcthealth.Reviewandpushgpdata" time="78.205" errors="0" timestamp="2025-01-07T15:36:41 IST" skipped="0">
  <testcase classname="correcthealth.correcthealth.Reviewandpushgpdata" name="f" time="78.205"/>
</testsuite> <!-- correcthealth.correcthealth.Reviewandpushgpdata -->
