<?xml version="1.0" encoding="UTF-8"?>
<!-- Generated by org.testng.reporters.JUnitReportReporter -->
<testsuite hostname="PANINI18" failures="0" tests="3" name="correcthealth.correcthealth.Invoiceform" time="35.564" errors="0" timestamp="2025-01-09T14:50:49 IST" skipped="2">
  <testcase classname="correcthealth.correcthealth.Invoiceform" name="searchdelete" time="35.564"/>
  <testcase classname="correcthealth.correcthealth.Invoiceform" name="f">
    <skipped/>
  </testcase> <!-- f -->
  <testcase classname="correcthealth.correcthealth.Invoiceform" name="edit">
    <skipped/>
  </testcase> <!-- edit -->
</testsuite> <!-- correcthealth.correcthealth.Invoiceform -->
