<?xml version="1.0" encoding="UTF-8"?>
<!-- Generated by org.testng.reporters.JUnitReportReporter -->
<testsuite hostname="PANINI18" failures="0" tests="1" name="correcthealth.correcthealth.SpecialityCareVisitsStatusReport" time="34.574" errors="0" timestamp="2024-12-23T17:51:44 IST" skipped="0">
  <testcase classname="correcthealth.correcthealth.SpecialityCareVisitsStatusReport" name="f" time="34.574"/>
</testsuite> <!-- correcthealth.correcthealth.SpecialityCareVisitsStatusReport -->
