<?xml version="1.0" encoding="UTF-8"?>
<!-- Generated by org.testng.reporters.JUnitReportReporter -->
<testsuite hostname="PANINI18" failures="0" tests="2" name="correcthealth.correcthealth.Parseedi" time="12.844" errors="0" timestamp="2024-12-24T11:37:53 IST" skipped="1">
  <testcase classname="correcthealth.correcthealth.Parseedi" name="search" time="12.844"/>
  <testcase classname="correcthealth.correcthealth.Parseedi" name="f">
    <skipped/>
  </testcase> <!-- f -->
</testsuite> <!-- correcthealth.correcthealth.Parseedi -->
