<?xml version="1.0" encoding="UTF-8"?>
<!-- Generated by org.testng.reporters.JUnitReportReporter -->
<testsuite hostname="PANINI18" failures="0" tests="1" name="correcthealth.correcthealth.Datetest" time="4.463" errors="0" timestamp="2024-12-13T12:46:42 IST" skipped="0">
  <testcase classname="correcthealth.correcthealth.Datetest" name="f" time="4.463"/>
</testsuite> <!-- correcthealth.correcthealth.Datetest -->
