<?xml version="1.0" encoding="UTF-8"?>
<!-- Generated by org.testng.reporters.JUnitReportReporter -->
<testsuite hostname="PANINI18" failures="0" tests="1" name="correcthealth.correcthealth.Ultrasoundbills" time="32.812" errors="0" timestamp="2024-12-13T17:02:26 IST" skipped="0">
  <testcase classname="correcthealth.correcthealth.Ultrasoundbills" name="f" time="32.812"/>
</testsuite> <!-- correcthealth.correcthealth.Ultrasoundbills -->
