<?xml version="1.0" encoding="UTF-8"?>
<!-- Generated by org.testng.reporters.JUnitReportReporter -->
<testsuite hostname="PANINI18" failures="0" tests="1" name="correcthealth.correcthealth.Miscbills" time="31.830" errors="0" timestamp="2024-12-13T17:30:21 IST" skipped="0">
  <testcase classname="correcthealth.correcthealth.Miscbills" name="f" time="31.830"/>
</testsuite> <!-- correcthealth.correcthealth.Miscbills -->
