<?xml version="1.0" encoding="UTF-8"?>
<!-- Generated by org.testng.reporters.JUnitReportReporter -->
<testsuite hostname="PANINI18" failures="0" tests="1" name="correcthealth.correcthealth.Capstatusreport" time="32.267" errors="0" timestamp="2024-12-25T15:56:15 IST" skipped="0">
  <testcase classname="correcthealth.correcthealth.Capstatusreport" name="f" time="32.267"/>
</testsuite> <!-- correcthealth.correcthealth.Capstatusreport -->
