<?xml version="1.0" encoding="UTF-8"?>
<!-- Generated by org.testng.reporters.JUnitReportReporter -->
<testsuite hostname="PANINI18" failures="0" tests="2" name="correcthealth.correcthealth.Useraccount" time="86.096" errors="0" timestamp="2024-12-10T15:58:42 IST" skipped="1">
  <testcase classname="correcthealth.correcthealth.Useraccount" name="createuser" time="86.096"/>
  <testcase classname="correcthealth.correcthealth.Useraccount" name="f">
    <skipped/>
  </testcase> <!-- f -->
</testsuite> <!-- correcthealth.correcthealth.Useraccount -->
