<?xml version="1.0" encoding="UTF-8"?>
<!-- Generated by org.testng.reporters.JUnitReportReporter -->
<testsuite hostname="PANINI18" failures="0" tests="1" name="correcthealth.correcthealth.claimreceivedreport" time="10.126" errors="0" timestamp="2024-12-16T12:05:38 IST" skipped="0">
  <testcase classname="correcthealth.correcthealth.claimreceivedreport" name="f" time="10.126"/>
</testsuite> <!-- correcthealth.correcthealth.claimreceivedreport -->
