<?xml version="1.0" encoding="UTF-8"?>
<!-- Generated by org.testng.reporters.JUnitReportReporter -->
<testsuite hostname="PANINI18" failures="0" tests="1" name="correcthealth.correcthealth.Destinations" time="11.579" errors="0" timestamp="2024-12-03T13:34:08 IST" skipped="0">
  <testcase classname="correcthealth.correcthealth.Destinations" name="f" time="11.579"/>
</testsuite> <!-- correcthealth.correcthealth.Destinations -->
