<?xml version="1.0" encoding="UTF-8"?>
<!-- Generated by org.testng.reporters.JUnitReportReporter -->
<testsuite hostname="PANINI18" failures="0" tests="3" name="correcthealth.correcthealth.Usertype" time="36.537" errors="0" timestamp="2024-12-11T16:22:19 IST" skipped="0">
  <testcase classname="correcthealth.correcthealth.Usertype" name="f" time="11.679"/>
  <testcase classname="correcthealth.correcthealth.Usertype" name="f" time="12.233"/>
  <testcase classname="correcthealth.correcthealth.Usertype" name="f" time="12.625"/>
</testsuite> <!-- correcthealth.correcthealth.Usertype -->
