<?xml version="1.0" encoding="UTF-8"?>
<!-- Generated by org.testng.reporters.JUnitReportReporter -->
<testsuite hostname="PANINI18" failures="0" tests="1" name="correcthealth.correcthealth.claimwithoutvisitidreport" time="15.968" errors="0" timestamp="2024-12-16T13:05:22 IST" skipped="0">
  <testcase classname="correcthealth.correcthealth.claimwithoutvisitidreport" name="f" time="15.968"/>
</testsuite> <!-- correcthealth.correcthealth.claimwithoutvisitidreport -->
