<?xml version="1.0" encoding="UTF-8"?>
<!-- Generated by org.testng.reporters.JUnitReportReporter -->
<testsuite hostname="PANINI18" failures="0" tests="1" name="correcthealth.correcthealth.Claimstatusreport" time="16.006" errors="0" timestamp="2024-12-16T14:19:27 IST" skipped="0">
  <testcase classname="correcthealth.correcthealth.Claimstatusreport" name="f" time="16.006"/>
</testsuite> <!-- correcthealth.correcthealth.Claimstatusreport -->
