<?xml version="1.0" encoding="UTF-8"?>
<!-- Generated by org.testng.reporters.JUnitReportReporter -->
<testsuite hostname="PANINI18" failures="0" tests="1" name="correcthealth.correcthealth.edisegmentupload" time="7.784" errors="0" timestamp="2024-12-24T11:48:32 IST" skipped="0">
  <testcase classname="correcthealth.correcthealth.edisegmentupload" name="f" time="7.784"/>
</testsuite> <!-- correcthealth.correcthealth.edisegmentupload -->
