<?xml version="1.0" encoding="UTF-8"?>
<!-- Generated by org.testng.reporters.JUnitReportReporter -->
<testsuite hostname="PANINI18" failures="0" tests="1" name="correcthealth.correcthealth.Newrequest" time="56.239" errors="0" timestamp="2024-12-12T14:48:21 IST" skipped="0">
  <testcase classname="correcthealth.correcthealth.Newrequest" name="f" time="56.239"/>
</testsuite> <!-- correcthealth.correcthealth.Newrequest -->
